<?xml version="1.0" encoding="UTF-8"?>
<testng-results skipped="0" failed="0" ignored="0" total="1" passed="1">
  <reporter-output>
  </reporter-output>
  <suite name="Suite" duration-ms="68" started-at="2020-01-13T21:27:39Z" finished-at="2020-01-13T21:27:39Z">
    <groups>
    </groups>
    <test name="Test" duration-ms="68" started-at="2020-01-13T21:27:39Z" finished-at="2020-01-13T21:27:39Z">
      <class name="com.qa.apples.TC010">
        <test-method status="PASS" signature="CopyOrderAndComplete()[pri:0, instance:com.qa.apples.TC010@589838eb]" name="CopyOrderAndComplete" duration-ms="15" started-at="2020-01-13T21:27:39Z" finished-at="2020-01-13T21:27:39Z">
          <reporter-output>
          </reporter-output>
        </test-method> <!-- CopyOrderAndComplete -->
      </class> <!-- com.qa.apples.TC010 -->
    </test> <!-- Test -->
  </suite> <!-- Suite -->
</testng-results>
